{"C:\\Users\\mayco\\OneDrive\\Desktop\\Taller de int 2\\TallerIntegra\\control-sanitario-next\\src\\components\\AdminActionModal.tsx": {"path":"C:\\Users\\mayco\\OneDrive\\Desktop\\Taller de int 2\\TallerIntegra\\control-sanitario-next\\src\\components\\AdminActionModal.tsx","statementMap":{"0":{"start":{"line":49,"column":0},"end":{"line":49,"column":15}},"1":{"start":{"line":4,"column":18},"end":{"line":4,"column":null}},"2":{"start":{"line":5,"column":19},"end":{"line":5,"column":null}},"3":{"start":{"line":6,"column":18},"end":{"line":6,"column":null}},"4":{"start":{"line":22,"column":58},"end":{"line":47,"column":null}},"5":{"start":{"line":32,"column":2},"end":{"line":32,"column":null}},"6":{"start":{"line":32,"column":15},"end":{"line":32,"column":null}},"7":{"start":{"line":49,"column":15},"end":{"line":49,"column":null}}},"fnMap":{"0":{"name":"(anonymous_2)","decl":{"start":{"line":22,"column":58},"end":{"line":22,"column":59}},"loc":{"start":{"line":30,"column":1},"end":{"line":47,"column":null}}}},"branchMap":{"0":{"loc":{"start":{"line":28,"column":2},"end":{"line":28,"column":27}},"type":"default-arg","locations":[{"start":{"line":28,"column":16},"end":{"line":28,"column":27}}]},"1":{"loc":{"start":{"line":29,"column":2},"end":{"line":29,"column":25}},"type":"default-arg","locations":[{"start":{"line":29,"column":15},"end":{"line":29,"column":25}}]},"2":{"loc":{"start":{"line":32,"column":2},"end":{"line":32,"column":null}},"type":"if","locations":[{"start":{"line":32,"column":2},"end":{"line":32,"column":null}},{"start":{},"end":{}}]}},"s":{"0":0,"1":0,"2":0,"3":0,"4":0,"5":0,"6":0,"7":0},"f":{"0":0},"b":{"0":[0],"1":[0],"2":[0,0]}}
,"C:\\Users\\mayco\\OneDrive\\Desktop\\Taller de int 2\\TallerIntegra\\control-sanitario-next\\src\\components\\AdminView.tsx": {"path":"C:\\Users\\mayco\\OneDrive\\Desktop\\Taller de int 2\\TallerIntegra\\control-sanitario-next\\src\\components\\AdminView.tsx","statementMap":{"0":{"start":{"line":19,"column":0},"end":{"line":19,"column":15}},"1":{"start":{"line":4,"column":18},"end":{"line":4,"column":null}},"2":{"start":{"line":19,"column":15},"end":{"line":19,"column":null}}},"fnMap":{},"branchMap":{},"s":{"0":0,"1":0,"2":0},"f":{},"b":{}}
,"C:\\Users\\mayco\\OneDrive\\Desktop\\Taller de int 2\\TallerIntegra\\control-sanitario-next\\src\\components\\AdoptionForm.tsx": {"path":"C:\\Users\\mayco\\OneDrive\\Desktop\\Taller de int 2\\TallerIntegra\\control-sanitario-next\\src\\components\\AdoptionForm.tsx","statementMap":{"0":{"start":{"line":31,"column":24},"end":{"line":31,"column":37}},"1":{"start":{"line":4,"column":32},"end":{"line":4,"column":null}},"2":{"start":{"line":5,"column":19},"end":{"line":5,"column":null}},"3":{"start":{"line":6,"column":18},"end":{"line":6,"column":null}},"4":{"start":{"line":33,"column":26},"end":{"line":37,"column":null}},"5":{"start":{"line":40,"column":23},"end":{"line":42,"column":null}},"6":{"start":{"line":41,"column":4},"end":{"line":41,"column":null}},"7":{"start":{"line":45,"column":23},"end":{"line":48,"column":null}},"8":{"start":{"line":46,"column":4},"end":{"line":46,"column":null}},"9":{"start":{"line":47,"column":4},"end":{"line":47,"column":20}}},"fnMap":{"0":{"name":"AdoptionForm","decl":{"start":{"line":31,"column":24},"end":{"line":31,"column":37}},"loc":{"start":{"line":31,"column":64},"end":{"line":124,"column":null}}},"1":{"name":"(anonymous_6)","decl":{"start":{"line":40,"column":23},"end":{"line":40,"column":24}},"loc":{"start":{"line":40,"column":24},"end":{"line":42,"column":null}}},"2":{"name":"(anonymous_7)","decl":{"start":{"line":45,"column":23},"end":{"line":45,"column":24}},"loc":{"start":{"line":45,"column":24},"end":{"line":48,"column":null}}}},"branchMap":{},"s":{"0":20,"1":1,"2":1,"3":1,"4":276,"5":276,"6":256,"7":276,"8":4,"9":4},"f":{"0":276,"1":256,"2":4},"b":{}}
,"C:\\Users\\mayco\\OneDrive\\Desktop\\Taller de int 2\\TallerIntegra\\control-sanitario-next\\src\\components\\Alert.tsx": {"path":"C:\\Users\\mayco\\OneDrive\\Desktop\\Taller de int 2\\TallerIntegra\\control-sanitario-next\\src\\components\\Alert.tsx","statementMap":{"0":{"start":{"line":20,"column":0},"end":{"line":20,"column":15}},"1":{"start":{"line":4,"column":18},"end":{"line":4,"column":null}},"2":{"start":{"line":20,"column":15},"end":{"line":20,"column":null}}},"fnMap":{},"branchMap":{"0":{"loc":{"start":{"line":14,"column":48},"end":{"line":14,"column":61}},"type":"default-arg","locations":[{"start":{"line":14,"column":55},"end":{"line":14,"column":61}}]},"1":{"loc":{"start":{"line":15,"column":38},"end":{"line":15,"column":166}},"type":"cond-expr","locations":[{"start":{"line":15,"column":57},"end":{"line":15,"column":85}},{"start":{"line":15,"column":85},"end":{"line":15,"column":166}}]},"2":{"loc":{"start":{"line":15,"column":85},"end":{"line":15,"column":166}},"type":"cond-expr","locations":[{"start":{"line":15,"column":106},"end":{"line":15,"column":138}},{"start":{"line":15,"column":138},"end":{"line":15,"column":166}}]}},"s":{"0":0,"1":0,"2":0},"f":{},"b":{"0":[0],"1":[0,0],"2":[0,0]}}
,"C:\\Users\\mayco\\OneDrive\\Desktop\\Taller de int 2\\TallerIntegra\\control-sanitario-next\\src\\components\\AnimalCard.tsx": {"path":"C:\\Users\\mayco\\OneDrive\\Desktop\\Taller de int 2\\TallerIntegra\\control-sanitario-next\\src\\components\\AnimalCard.tsx","statementMap":{"0":{"start":{"line":46,"column":0},"end":{"line":46,"column":15}},"1":{"start":{"line":4,"column":18},"end":{"line":4,"column":null}},"2":{"start":{"line":5,"column":19},"end":{"line":5,"column":null}},"3":{"start":{"line":6,"column":26},"end":{"line":6,"column":null}},"4":{"start":{"line":22,"column":46},"end":{"line":44,"column":null}},"5":{"start":{"line":23,"column":17},"end":{"line":23,"column":null}},"6":{"start":{"line":38,"column":23},"end":{"line":38,"column":null}},"7":{"start":{"line":46,"column":15},"end":{"line":46,"column":null}}},"fnMap":{"0":{"name":"(anonymous_2)","decl":{"start":{"line":22,"column":46},"end":{"line":22,"column":47}},"loc":{"start":{"line":22,"column":86},"end":{"line":44,"column":null}}},"1":{"name":"(anonymous_3)","decl":{"start":{"line":38,"column":17},"end":{"line":38,"column":23}},"loc":{"start":{"line":38,"column":23},"end":{"line":38,"column":null}}}},"branchMap":{"0":{"loc":{"start":{"line":28,"column":7},"end":{"line":28,"column":17}},"type":"binary-expr","locations":[{"start":{"line":28,"column":7},"end":{"line":28,"column":17}},{"start":{"line":28,"column":17},"end":{"line":28,"column":null}}]},"1":{"loc":{"start":{"line":34,"column":7},"end":{"line":34,"column":14}},"type":"binary-expr","locations":[{"start":{"line":34,"column":7},"end":{"line":34,"column":14}}]}},"s":{"0":0,"1":0,"2":0,"3":0,"4":0,"5":0,"6":0,"7":0},"f":{"0":0,"1":0},"b":{"0":[0,0],"1":[0]}}
,"C:\\Users\\mayco\\OneDrive\\Desktop\\Taller de int 2\\TallerIntegra\\control-sanitario-next\\src\\components\\AnimalDetail.tsx": {"path":"C:\\Users\\mayco\\OneDrive\\Desktop\\Taller de int 2\\TallerIntegra\\control-sanitario-next\\src\\components\\AnimalDetail.tsx","statementMap":{"0":{"start":{"line":24,"column":0},"end":{"line":24,"column":15}},"1":{"start":{"line":1,"column":18},"end":{"line":1,"column":null}},"2":{"start":{"line":2,"column":26},"end":{"line":2,"column":null}},"3":{"start":{"line":12,"column":50},"end":{"line":22,"column":null}},"4":{"start":{"line":24,"column":15},"end":{"line":24,"column":null}}},"fnMap":{"0":{"name":"(anonymous_2)","decl":{"start":{"line":12,"column":50},"end":{"line":12,"column":51}},"loc":{"start":{"line":12,"column":90},"end":{"line":22,"column":null}}}},"branchMap":{"0":{"loc":{"start":{"line":19,"column":7},"end":{"line":19,"column":14}},"type":"binary-expr","locations":[{"start":{"line":19,"column":7},"end":{"line":19,"column":14}}]}},"s":{"0":0,"1":0,"2":0,"3":0,"4":0},"f":{"0":0},"b":{"0":[0]}}
,"C:\\Users\\mayco\\OneDrive\\Desktop\\Taller de int 2\\TallerIntegra\\control-sanitario-next\\src\\components\\AnimalGallery.tsx": {"path":"C:\\Users\\mayco\\OneDrive\\Desktop\\Taller de int 2\\TallerIntegra\\control-sanitario-next\\src\\components\\AnimalGallery.tsx","statementMap":{"0":{"start":{"line":37,"column":0},"end":{"line":37,"column":15}},"1":{"start":{"line":7,"column":18},"end":{"line":7,"column":null}},"2":{"start":{"line":8,"column":25},"end":{"line":8,"column":null}},"3":{"start":{"line":9,"column":7},"end":{"line":9,"column":null}},"4":{"start":{"line":15,"column":52},"end":{"line":35,"column":null}},"5":{"start":{"line":17,"column":24},"end":{"line":20,"column":null}},"6":{"start":{"line":17,"column":45},"end":{"line":20,"column":null}},"7":{"start":{"line":37,"column":15},"end":{"line":37,"column":null}}},"fnMap":{"0":{"name":"(anonymous_2)","decl":{"start":{"line":15,"column":52},"end":{"line":15,"column":53}},"loc":{"start":{"line":15,"column":63},"end":{"line":35,"column":null}}},"1":{"name":"(anonymous_3)","decl":{"start":{"line":17,"column":35},"end":{"line":17,"column":36}},"loc":{"start":{"line":17,"column":45},"end":{"line":20,"column":null}}}},"branchMap":{},"s":{"0":0,"1":0,"2":0,"3":0,"4":0,"5":0,"6":0,"7":0},"f":{"0":0,"1":0},"b":{}}
,"C:\\Users\\mayco\\OneDrive\\Desktop\\Taller de int 2\\TallerIntegra\\control-sanitario-next\\src\\components\\AnimalList.tsx": {"path":"C:\\Users\\mayco\\OneDrive\\Desktop\\Taller de int 2\\TallerIntegra\\control-sanitario-next\\src\\components\\AnimalList.tsx","statementMap":{"0":{"start":{"line":65,"column":24},"end":{"line":65,"column":null}},"1":{"start":{"line":4,"column":32},"end":{"line":4,"column":null}},"2":{"start":{"line":5,"column":23},"end":{"line":5,"column":null}},"3":{"start":{"line":8,"column":16},"end":{"line":59,"column":null}},"4":{"start":{"line":66,"column":30},"end":{"line":66,"column":null}},"5":{"start":{"line":67,"column":36},"end":{"line":67,"column":null}},"6":{"start":{"line":70,"column":19},"end":{"line":72,"column":null}},"7":{"start":{"line":71,"column":4},"end":{"line":72,"column":null}},"8":{"start":{"line":82,"column":25},"end":{"line":82,"column":null}},"9":{"start":{"line":92,"column":25},"end":{"line":92,"column":null}},"10":{"start":{"line":102,"column":10},"end":{"line":103,"column":null}}},"fnMap":{"0":{"name":"AnimalList","decl":{"start":{"line":65,"column":24},"end":{"line":65,"column":null}},"loc":{"start":{"line":65,"column":24},"end":{"line":114,"column":null}}},"1":{"name":"(anonymous_6)","decl":{"start":{"line":70,"column":34},"end":{"line":70,"column":null}},"loc":{"start":{"line":71,"column":4},"end":{"line":72,"column":null}}},"2":{"name":"(anonymous_7)","decl":{"start":{"line":82,"column":20},"end":{"line":82,"column":25}},"loc":{"start":{"line":82,"column":25},"end":{"line":82,"column":null}}},"3":{"name":"(anonymous_8)","decl":{"start":{"line":92,"column":20},"end":{"line":92,"column":25}},"loc":{"start":{"line":92,"column":25},"end":{"line":92,"column":null}}},"4":{"name":"(anonymous_9)","decl":{"start":{"line":101,"column":22},"end":{"line":101,"column":23}},"loc":{"start":{"line":102,"column":10},"end":{"line":103,"column":null}}}},"branchMap":{"0":{"loc":{"start":{"line":71,"column":4},"end":{"line":72,"column":null}},"type":"binary-expr","locations":[{"start":{"line":71,"column":5},"end":{"line":71,"column":39}},{"start":{"line":72,"column":5},"end":{"line":72,"column":48}}]},"1":{"loc":{"start":{"line":71,"column":5},"end":{"line":71,"column":39}},"type":"cond-expr","locations":[{"start":{"line":71,"column":14},"end":{"line":71,"column":36}},{"start":{"line":71,"column":36},"end":{"line":71,"column":39}}]},"2":{"loc":{"start":{"line":72,"column":5},"end":{"line":72,"column":48}},"type":"cond-expr","locations":[{"start":{"line":72,"column":17},"end":{"line":72,"column":45}},{"start":{"line":72,"column":45},"end":{"line":72,"column":48}}]}},"s":{"0":0,"1":0,"2":0,"3":0,"4":0,"5":0,"6":0,"7":0,"8":0,"9":0,"10":0},"f":{"0":0,"1":0,"2":0,"3":0,"4":0},"b":{"0":[0,0],"1":[0,0],"2":[0,0]}}
,"C:\\Users\\mayco\\OneDrive\\Desktop\\Taller de int 2\\TallerIntegra\\control-sanitario-next\\src\\components\\AuthModal.tsx": {"path":"C:\\Users\\mayco\\OneDrive\\Desktop\\Taller de int 2\\TallerIntegra\\control-sanitario-next\\src\\components\\AuthModal.tsx","statementMap":{"0":{"start":{"line":117,"column":0},"end":{"line":117,"column":15}},"1":{"start":{"line":4,"column":32},"end":{"line":4,"column":null}},"2":{"start":{"line":5,"column":19},"end":{"line":5,"column":null}},"3":{"start":{"line":6,"column":18},"end":{"line":6,"column":null}},"4":{"start":{"line":7,"column":18},"end":{"line":7,"column":null}},"5":{"start":{"line":18,"column":2},"end":{"line":18,"column":null}},"6":{"start":{"line":25,"column":44},"end":{"line":115,"column":null}},"7":{"start":{"line":26,"column":28},"end":{"line":26,"column":null}},"8":{"start":{"line":27,"column":34},"end":{"line":27,"column":null}},"9":{"start":{"line":28,"column":32},"end":{"line":28,"column":null}},"10":{"start":{"line":29,"column":32},"end":{"line":29,"column":null}},"11":{"start":{"line":32,"column":23},"end":{"line":47,"column":null}},"12":{"start":{"line":33,"column":4},"end":{"line":33,"column":null}},"13":{"start":{"line":34,"column":4},"end":{"line":34,"column":null}},"14":{"start":{"line":35,"column":4},"end":{"line":38,"column":null}},"15":{"start":{"line":36,"column":6},"end":{"line":36,"column":null}},"16":{"start":{"line":37,"column":6},"end":{"line":37,"column":null}},"17":{"start":{"line":39,"column":4},"end":{"line":42,"column":null}},"18":{"start":{"line":40,"column":6},"end":{"line":40,"column":null}},"19":{"start":{"line":41,"column":6},"end":{"line":41,"column":null}},"20":{"start":{"line":43,"column":4},"end":{"line":45,"column":null}},"21":{"start":{"line":49,"column":2},"end":{"line":56,"column":null}},"22":{"start":{"line":50,"column":4},"end":{"line":55,"column":null}},"23":{"start":{"line":51,"column":6},"end":{"line":51,"column":null}},"24":{"start":{"line":52,"column":6},"end":{"line":52,"column":null}},"25":{"start":{"line":53,"column":6},"end":{"line":53,"column":null}},"26":{"start":{"line":54,"column":6},"end":{"line":54,"column":null}},"27":{"start":{"line":58,"column":2},"end":{"line":58,"column":null}},"28":{"start":{"line":58,"column":13},"end":{"line":58,"column":null}},"29":{"start":{"line":69,"column":27},"end":{"line":69,"column":null}},"30":{"start":{"line":77,"column":27},"end":{"line":77,"column":null}},"31":{"start":{"line":87,"column":27},"end":{"line":87,"column":null}},"32":{"start":{"line":89,"column":26},"end":{"line":89,"column":null}},"33":{"start":{"line":99,"column":27},"end":{"line":99,"column":null}},"34":{"start":{"line":117,"column":15},"end":{"line":117,"column":null}}},"fnMap":{"0":{"name":"validateEmail","decl":{"start":{"line":17,"column":9},"end":{"line":17,"column":23}},"loc":{"start":{"line":17,"column":36},"end":{"line":19,"column":null}}},"1":{"name":"(anonymous_6)","decl":{"start":{"line":25,"column":44},"end":{"line":25,"column":45}},"loc":{"start":{"line":25,"column":77},"end":{"line":115,"column":null}}},"2":{"name":"(anonymous_7)","decl":{"start":{"line":32,"column":23},"end":{"line":32,"column":24}},"loc":{"start":{"line":32,"column":24},"end":{"line":47,"column":null}}},"3":{"name":"(anonymous_8)","decl":{"start":{"line":49,"column":18},"end":{"line":49,"column":null}},"loc":{"start":{"line":49,"column":18},"end":{"line":56,"column":5}}},"4":{"name":"(anonymous_9)","decl":{"start":{"line":69,"column":21},"end":{"line":69,"column":27}},"loc":{"start":{"line":69,"column":27},"end":{"line":69,"column":null}}},"5":{"name":"(anonymous_10)","decl":{"start":{"line":77,"column":21},"end":{"line":77,"column":27}},"loc":{"start":{"line":77,"column":27},"end":{"line":77,"column":null}}},"6":{"name":"(anonymous_11)","decl":{"start":{"line":87,"column":22},"end":{"line":87,"column":27}},"loc":{"start":{"line":87,"column":27},"end":{"line":87,"column":null}}},"7":{"name":"(anonymous_12)","decl":{"start":{"line":89,"column":20},"end":{"line":89,"column":26}},"loc":{"start":{"line":89,"column":26},"end":{"line":89,"column":null}}},"8":{"name":"(anonymous_13)","decl":{"start":{"line":99,"column":22},"end":{"line":99,"column":27}},"loc":{"start":{"line":99,"column":27},"end":{"line":99,"column":null}}}},"branchMap":{"0":{"loc":{"start":{"line":35,"column":4},"end":{"line":38,"column":null}},"type":"if","locations":[{"start":{"line":35,"column":4},"end":{"line":38,"column":null}},{"start":{},"end":{}}]},"1":{"loc":{"start":{"line":39,"column":4},"end":{"line":42,"column":null}},"type":"if","locations":[{"start":{"line":39,"column":4},"end":{"line":42,"column":null}},{"start":{},"end":{}}]},"2":{"loc":{"start":{"line":43,"column":15},"end":{"line":45,"column":null}},"type":"cond-expr","locations":[{"start":{"line":44,"column":8},"end":{"line":44,"column":null}},{"start":{"line":45,"column":8},"end":{"line":45,"column":null}}]},"3":{"loc":{"start":{"line":50,"column":4},"end":{"line":55,"column":null}},"type":"if","locations":[{"start":{"line":50,"column":4},"end":{"line":55,"column":null}},{"start":{},"end":{}}]},"4":{"loc":{"start":{"line":58,"column":2},"end":{"line":58,"column":null}},"type":"if","locations":[{"start":{"line":58,"column":2},"end":{"line":58,"column":null}},{"start":{},"end":{}}]},"5":{"loc":{"start":{"line":67,"column":21},"end":{"line":67,"column":null}},"type":"cond-expr","locations":[{"start":{"line":67,"column":43},"end":{"line":67,"column":55}},{"start":{"line":67,"column":55},"end":{"line":67,"column":null}}]},"6":{"loc":{"start":{"line":68,"column":57},"end":{"line":68,"column":148}},"type":"cond-expr","locations":[{"start":{"line":68,"column":79},"end":{"line":68,"column":113}},{"start":{"line":68,"column":113},"end":{"line":68,"column":148}}]},"7":{"loc":{"start":{"line":75,"column":21},"end":{"line":75,"column":null}},"type":"cond-expr","locations":[{"start":{"line":75,"column":40},"end":{"line":75,"column":52}},{"start":{"line":75,"column":52},"end":{"line":75,"column":null}}]},"8":{"loc":{"start":{"line":76,"column":57},"end":{"line":76,"column":145}},"type":"cond-expr","locations":[{"start":{"line":76,"column":76},"end":{"line":76,"column":110}},{"start":{"line":76,"column":110},"end":{"line":76,"column":145}}]},"9":{"loc":{"start":{"line":92,"column":11},"end":{"line":92,"column":22}},"type":"binary-expr","locations":[{"start":{"line":92,"column":11},"end":{"line":92,"column":22}},{"start":{"line":92,"column":22},"end":{"line":92,"column":null}}]},"10":{"loc":{"start":{"line":104,"column":11},"end":{"line":104,"column":22}},"type":"binary-expr","locations":[{"start":{"line":104,"column":11},"end":{"line":104,"column":22}},{"start":{"line":104,"column":22},"end":{"line":104,"column":45}},{"start":{"line":104,"column":45},"end":{"line":104,"column":null}}]},"11":{"loc":{"start":{"line":108,"column":13},"end":{"line":108,"column":null}},"type":"cond-expr","locations":[{"start":{"line":108,"column":32},"end":{"line":108,"column":43}},{"start":{"line":108,"column":43},"end":{"line":108,"column":null}}]},"12":{"loc":{"start":{"line":111,"column":9},"end":{"line":111,"column":20}},"type":"binary-expr","locations":[{"start":{"line":111,"column":9},"end":{"line":111,"column":20}}]}},"s":{"0":0,"1":0,"2":0,"3":0,"4":0,"5":0,"6":0,"7":0,"8":0,"9":0,"10":0,"11":0,"12":0,"13":0,"14":0,"15":0,"16":0,"17":0,"18":0,"19":0,"20":0,"21":0,"22":0,"23":0,"24":0,"25":0,"26":0,"27":0,"28":0,"29":0,"30":0,"31":0,"32":0,"33":0,"34":0},"f":{"0":0,"1":0,"2":0,"3":0,"4":0,"5":0,"6":0,"7":0,"8":0},"b":{"0":[0,0],"1":[0,0],"2":[0,0],"3":[0,0],"4":[0,0],"5":[0,0],"6":[0,0],"7":[0,0],"8":[0,0],"9":[0,0],"10":[0,0,0],"11":[0,0],"12":[0]}}
,"C:\\Users\\mayco\\OneDrive\\Desktop\\Taller de int 2\\TallerIntegra\\control-sanitario-next\\src\\components\\CampaignList.tsx": {"path":"C:\\Users\\mayco\\OneDrive\\Desktop\\Taller de int 2\\TallerIntegra\\control-sanitario-next\\src\\components\\CampaignList.tsx","statementMap":{"0":{"start":{"line":54,"column":0},"end":{"line":54,"column":15}},"1":{"start":{"line":4,"column":18},"end":{"line":4,"column":null}},"2":{"start":{"line":22,"column":50},"end":{"line":52,"column":null}},"3":{"start":{"line":27,"column":8},"end":{"line":28,"column":null}},"4":{"start":{"line":54,"column":15},"end":{"line":54,"column":null}}},"fnMap":{"0":{"name":"(anonymous_2)","decl":{"start":{"line":22,"column":50},"end":{"line":22,"column":51}},"loc":{"start":{"line":22,"column":64},"end":{"line":52,"column":null}}},"1":{"name":"(anonymous_3)","decl":{"start":{"line":26,"column":21},"end":{"line":26,"column":22}},"loc":{"start":{"line":27,"column":8},"end":{"line":28,"column":null}}}},"branchMap":{"0":{"loc":{"start":{"line":43,"column":14},"end":{"line":43,"column":null}},"type":"cond-expr","locations":[{"start":{"line":43,"column":32},"end":{"line":43,"column":51}},{"start":{"line":43,"column":51},"end":{"line":43,"column":null}}]},"1":{"loc":{"start":{"line":46,"column":24},"end":{"line":46,"column":null}},"type":"cond-expr","locations":[{"start":{"line":46,"column":42},"end":{"line":46,"column":55}},{"start":{"line":46,"column":55},"end":{"line":46,"column":null}}]}},"s":{"0":0,"1":0,"2":0,"3":0,"4":0},"f":{"0":0,"1":0},"b":{"0":[0,0],"1":[0,0]}}
,"C:\\Users\\mayco\\OneDrive\\Desktop\\Taller de int 2\\TallerIntegra\\control-sanitario-next\\src\\components\\ConfirmationModal.tsx": {"path":"C:\\Users\\mayco\\OneDrive\\Desktop\\Taller de int 2\\TallerIntegra\\control-sanitario-next\\src\\components\\ConfirmationModal.tsx","statementMap":{"0":{"start":{"line":33,"column":24},"end":{"line":33,"column":42}},"1":{"start":{"line":4,"column":18},"end":{"line":4,"column":null}},"2":{"start":{"line":5,"column":19},"end":{"line":5,"column":null}}},"fnMap":{"0":{"name":"ConfirmationModal","decl":{"start":{"line":33,"column":24},"end":{"line":33,"column":42}},"loc":{"start":{"line":39,"column":8},"end":{"line":77,"column":null}}}},"branchMap":{},"s":{"0":0,"1":0,"2":0},"f":{"0":0},"b":{}}
,"C:\\Users\\mayco\\OneDrive\\Desktop\\Taller de int 2\\TallerIntegra\\control-sanitario-next\\src\\components\\Footer.tsx": {"path":"C:\\Users\\mayco\\OneDrive\\Desktop\\Taller de int 2\\TallerIntegra\\control-sanitario-next\\src\\components\\Footer.tsx","statementMap":{"0":{"start":{"line":95,"column":0},"end":{"line":95,"column":15}},"1":{"start":{"line":4,"column":32},"end":{"line":4,"column":null}},"2":{"start":{"line":5,"column":51},"end":{"line":5,"column":null}},"3":{"start":{"line":6,"column":19},"end":{"line":6,"column":null}},"4":{"start":{"line":7,"column":18},"end":{"line":7,"column":null}},"5":{"start":{"line":8,"column":18},"end":{"line":8,"column":null}},"6":{"start":{"line":11,"column":41},"end":{"line":23,"column":null}},"7":{"start":{"line":30,"column":25},"end":{"line":93,"column":null}},"8":{"start":{"line":31,"column":36},"end":{"line":31,"column":null}},"9":{"start":{"line":41,"column":27},"end":{"line":41,"column":null}},"10":{"start":{"line":72,"column":47},"end":{"line":72,"column":null}},"11":{"start":{"line":73,"column":60},"end":{"line":73,"column":null}},"12":{"start":{"line":79,"column":84},"end":{"line":79,"column":105}},"13":{"start":{"line":95,"column":15},"end":{"line":95,"column":null}}},"fnMap":{"0":{"name":"(anonymous_5)","decl":{"start":{"line":30,"column":25},"end":{"line":30,"column":null}},"loc":{"start":{"line":30,"column":25},"end":{"line":93,"column":null}}},"1":{"name":"(anonymous_6)","decl":{"start":{"line":41,"column":21},"end":{"line":41,"column":27}},"loc":{"start":{"line":41,"column":27},"end":{"line":41,"column":null}}},"2":{"name":"(anonymous_7)","decl":{"start":{"line":72,"column":41},"end":{"line":72,"column":47}},"loc":{"start":{"line":72,"column":47},"end":{"line":72,"column":null}}},"3":{"name":"(anonymous_8)","decl":{"start":{"line":73,"column":55},"end":{"line":73,"column":60}},"loc":{"start":{"line":73,"column":60},"end":{"line":73,"column":null}}},"4":{"name":"(anonymous_9)","decl":{"start":{"line":79,"column":78},"end":{"line":79,"column":84}},"loc":{"start":{"line":79,"column":84},"end":{"line":79,"column":105}}}},"branchMap":{},"s":{"0":0,"1":0,"2":0,"3":0,"4":0,"5":0,"6":0,"7":0,"8":0,"9":0,"10":0,"11":0,"12":0,"13":0},"f":{"0":0,"1":0,"2":0,"3":0,"4":0},"b":{}}
,"C:\\Users\\mayco\\OneDrive\\Desktop\\Taller de int 2\\TallerIntegra\\control-sanitario-next\\src\\components\\InfoBox.tsx": {"path":"C:\\Users\\mayco\\OneDrive\\Desktop\\Taller de int 2\\TallerIntegra\\control-sanitario-next\\src\\components\\InfoBox.tsx","statementMap":{"0":{"start":{"line":43,"column":0},"end":{"line":43,"column":15}},"1":{"start":{"line":4,"column":18},"end":{"line":4,"column":null}},"2":{"start":{"line":5,"column":19},"end":{"line":5,"column":null}},"3":{"start":{"line":6,"column":26},"end":{"line":6,"column":null}},"4":{"start":{"line":19,"column":40},"end":{"line":41,"column":null}},"5":{"start":{"line":20,"column":17},"end":{"line":20,"column":null}},"6":{"start":{"line":22,"column":22},"end":{"line":24,"column":null}},"7":{"start":{"line":23,"column":4},"end":{"line":23,"column":null}},"8":{"start":{"line":23,"column":14},"end":{"line":23,"column":null}},"9":{"start":{"line":43,"column":15},"end":{"line":43,"column":null}}},"fnMap":{"0":{"name":"(anonymous_2)","decl":{"start":{"line":19,"column":40},"end":{"line":19,"column":41}},"loc":{"start":{"line":19,"column":69},"end":{"line":41,"column":null}}},"1":{"name":"(anonymous_3)","decl":{"start":{"line":22,"column":22},"end":{"line":22,"column":null}},"loc":{"start":{"line":22,"column":22},"end":{"line":24,"column":null}}}},"branchMap":{"0":{"loc":{"start":{"line":23,"column":4},"end":{"line":23,"column":null}},"type":"if","locations":[{"start":{"line":23,"column":4},"end":{"line":23,"column":null}},{"start":{},"end":{}}]},"1":{"loc":{"start":{"line":29,"column":13},"end":{"line":29,"column":null}},"type":"cond-expr","locations":[{"start":{"line":29,"column":20},"end":{"line":29,"column":44}},{"start":{"line":29,"column":44},"end":{"line":29,"column":null}}]},"2":{"loc":{"start":{"line":30,"column":15},"end":{"line":30,"column":null}},"type":"cond-expr","locations":[{"start":{"line":30,"column":22},"end":{"line":30,"column":36}},{"start":{"line":30,"column":36},"end":{"line":30,"column":null}}]},"3":{"loc":{"start":{"line":31,"column":16},"end":{"line":31,"column":null}},"type":"cond-expr","locations":[{"start":{"line":31,"column":23},"end":{"line":31,"column":27}},{"start":{"line":31,"column":27},"end":{"line":31,"column":null}}]},"4":{"loc":{"start":{"line":32,"column":12},"end":{"line":32,"column":null}},"type":"cond-expr","locations":[{"start":{"line":32,"column":19},"end":{"line":32,"column":30}},{"start":{"line":32,"column":30},"end":{"line":32,"column":null}}]},"5":{"loc":{"start":{"line":34,"column":7},"end":{"line":34,"column":15}},"type":"binary-expr","locations":[{"start":{"line":34,"column":7},"end":{"line":34,"column":15}}]}},"s":{"0":0,"1":0,"2":0,"3":0,"4":0,"5":0,"6":0,"7":0,"8":0,"9":0},"f":{"0":0,"1":0},"b":{"0":[0,0],"1":[0,0],"2":[0,0],"3":[0,0],"4":[0,0],"5":[0]}}
,"C:\\Users\\mayco\\OneDrive\\Desktop\\Taller de int 2\\TallerIntegra\\control-sanitario-next\\src\\components\\LoginModal.tsx": {"path":"C:\\Users\\mayco\\OneDrive\\Desktop\\Taller de int 2\\TallerIntegra\\control-sanitario-next\\src\\components\\LoginModal.tsx","statementMap":{"0":{"start":{"line":65,"column":0},"end":{"line":65,"column":15}},"1":{"start":{"line":4,"column":32},"end":{"line":4,"column":null}},"2":{"start":{"line":7,"column":19},"end":{"line":7,"column":null}},"3":{"start":{"line":8,"column":18},"end":{"line":8,"column":null}},"4":{"start":{"line":9,"column":18},"end":{"line":9,"column":null}},"5":{"start":{"line":15,"column":19},"end":{"line":63,"column":null}},"6":{"start":{"line":16,"column":28},"end":{"line":16,"column":null}},"7":{"start":{"line":17,"column":34},"end":{"line":17,"column":null}},"8":{"start":{"line":18,"column":32},"end":{"line":18,"column":null}},"9":{"start":{"line":21,"column":24},"end":{"line":23,"column":null}},"10":{"start":{"line":22,"column":4},"end":{"line":22,"column":null}},"11":{"start":{"line":26,"column":23},"end":{"line":45,"column":null}},"12":{"start":{"line":27,"column":4},"end":{"line":27,"column":null}},"13":{"start":{"line":28,"column":4},"end":{"line":28,"column":20}},"14":{"start":{"line":31,"column":4},"end":{"line":34,"column":null}},"15":{"start":{"line":32,"column":6},"end":{"line":32,"column":null}},"16":{"start":{"line":33,"column":6},"end":{"line":33,"column":null}},"17":{"start":{"line":37,"column":4},"end":{"line":40,"column":null}},"18":{"start":{"line":38,"column":6},"end":{"line":38,"column":null}},"19":{"start":{"line":39,"column":6},"end":{"line":39,"column":null}},"20":{"start":{"line":43,"column":4},"end":{"line":43,"column":null}},"21":{"start":{"line":44,"column":4},"end":{"line":44,"column":null}},"22":{"start":{"line":52,"column":57},"end":{"line":52,"column":83}},"23":{"start":{"line":54,"column":63},"end":{"line":54,"column":92}},"24":{"start":{"line":65,"column":15},"end":{"line":65,"column":null}}},"fnMap":{"0":{"name":"(anonymous_5)","decl":{"start":{"line":15,"column":19},"end":{"line":15,"column":20}},"loc":{"start":{"line":15,"column":56},"end":{"line":63,"column":null}}},"1":{"name":"(anonymous_6)","decl":{"start":{"line":21,"column":24},"end":{"line":21,"column":25}},"loc":{"start":{"line":21,"column":25},"end":{"line":23,"column":null}}},"2":{"name":"(anonymous_7)","decl":{"start":{"line":26,"column":23},"end":{"line":26,"column":24}},"loc":{"start":{"line":26,"column":24},"end":{"line":45,"column":null}}},"3":{"name":"(anonymous_8)","decl":{"start":{"line":52,"column":52},"end":{"line":52,"column":57}},"loc":{"start":{"line":52,"column":57},"end":{"line":52,"column":83}}},"4":{"name":"(anonymous_9)","decl":{"start":{"line":54,"column":58},"end":{"line":54,"column":63}},"loc":{"start":{"line":54,"column":63},"end":{"line":54,"column":92}}}},"branchMap":{"0":{"loc":{"start":{"line":31,"column":4},"end":{"line":34,"column":null}},"type":"if","locations":[{"start":{"line":31,"column":4},"end":{"line":34,"column":null}},{"start":{},"end":{}}]},"1":{"loc":{"start":{"line":37,"column":4},"end":{"line":40,"column":null}},"type":"if","locations":[{"start":{"line":37,"column":4},"end":{"line":40,"column":null}},{"start":{},"end":{}}]},"2":{"loc":{"start":{"line":59,"column":9},"end":{"line":59,"column":20}},"type":"binary-expr","locations":[{"start":{"line":59,"column":9},"end":{"line":59,"column":20}}]}},"s":{"0":0,"1":0,"2":0,"3":0,"4":0,"5":0,"6":0,"7":0,"8":0,"9":0,"10":0,"11":0,"12":0,"13":0,"14":0,"15":0,"16":0,"17":0,"18":0,"19":0,"20":0,"21":0,"22":0,"23":0,"24":0},"f":{"0":0,"1":0,"2":0,"3":0,"4":0},"b":{"0":[0,0],"1":[0,0],"2":[0]}}
,"C:\\Users\\mayco\\OneDrive\\Desktop\\Taller de int 2\\TallerIntegra\\control-sanitario-next\\src\\components\\Map.tsx": {"path":"C:\\Users\\mayco\\OneDrive\\Desktop\\Taller de int 2\\TallerIntegra\\control-sanitario-next\\src\\components\\Map.tsx","statementMap":{"0":{"start":{"line":36,"column":0},"end":{"line":36,"column":15}},"1":{"start":{"line":4,"column":18},"end":{"line":4,"column":null}},"2":{"start":{"line":10,"column":22},"end":{"line":34,"column":null}},"3":{"start":{"line":11,"column":49},"end":{"line":18,"column":null}},"4":{"start":{"line":36,"column":15},"end":{"line":36,"column":null}}},"fnMap":{"0":{"name":"(anonymous_2)","decl":{"start":{"line":10,"column":22},"end":{"line":10,"column":null}},"loc":{"start":{"line":10,"column":22},"end":{"line":34,"column":null}}}},"branchMap":{},"s":{"0":0,"1":0,"2":0,"3":0,"4":0},"f":{"0":0},"b":{}}
,"C:\\Users\\mayco\\OneDrive\\Desktop\\Taller de int 2\\TallerIntegra\\control-sanitario-next\\src\\components\\Navbar.tsx": {"path":"C:\\Users\\mayco\\OneDrive\\Desktop\\Taller de int 2\\TallerIntegra\\control-sanitario-next\\src\\components\\Navbar.tsx","statementMap":{"0":{"start":{"line":70,"column":0},"end":{"line":70,"column":15}},"1":{"start":{"line":4,"column":18},"end":{"line":4,"column":null}},"2":{"start":{"line":5,"column":26},"end":{"line":5,"column":null}},"3":{"start":{"line":6,"column":19},"end":{"line":6,"column":null}},"4":{"start":{"line":7,"column":25},"end":{"line":7,"column":null}},"5":{"start":{"line":13,"column":15},"end":{"line":67,"column":null}},"6":{"start":{"line":14,"column":17},"end":{"line":14,"column":null}},"7":{"start":{"line":17,"column":25},"end":{"line":19,"column":null}},"8":{"start":{"line":18,"column":4},"end":{"line":18,"column":null}},"9":{"start":{"line":22,"column":14},"end":{"line":22,"column":16}},"10":{"start":{"line":23,"column":2},"end":{"line":44,"column":null}},"11":{"start":{"line":24,"column":4},"end":{"line":28,"column":null}},"12":{"start":{"line":29,"column":9},"end":{"line":44,"column":null}},"13":{"start":{"line":30,"column":4},"end":{"line":37,"column":null}},"14":{"start":{"line":38,"column":9},"end":{"line":44,"column":null}},"15":{"start":{"line":39,"column":4},"end":{"line":43,"column":null}},"16":{"start":{"line":52,"column":10},"end":{"line":52,"column":42}},"17":{"start":{"line":70,"column":15},"end":{"line":70,"column":null}}},"fnMap":{"0":{"name":"(anonymous_2)","decl":{"start":{"line":13,"column":15},"end":{"line":13,"column":null}},"loc":{"start":{"line":13,"column":15},"end":{"line":67,"column":null}}},"1":{"name":"(anonymous_3)","decl":{"start":{"line":17,"column":25},"end":{"line":17,"column":26}},"loc":{"start":{"line":17,"column":26},"end":{"line":19,"column":null}}},"2":{"name":"(anonymous_4)","decl":{"start":{"line":51,"column":19},"end":{"line":51,"column":null}},"loc":{"start":{"line":52,"column":10},"end":{"line":52,"column":42}}}},"branchMap":{"0":{"loc":{"start":{"line":18,"column":32},"end":{"line":18,"column":85}},"type":"cond-expr","locations":[{"start":{"line":18,"column":59},"end":{"line":18,"column":79}},{"start":{"line":18,"column":82},"end":{"line":18,"column":85}}]},"1":{"loc":{"start":{"line":23,"column":2},"end":{"line":44,"column":null}},"type":"if","locations":[{"start":{"line":23,"column":2},"end":{"line":44,"column":null}},{"start":{"line":29,"column":9},"end":{"line":44,"column":null}}]},"2":{"loc":{"start":{"line":29,"column":9},"end":{"line":44,"column":null}},"type":"if","locations":[{"start":{"line":29,"column":9},"end":{"line":44,"column":null}},{"start":{"line":38,"column":9},"end":{"line":44,"column":null}}]},"3":{"loc":{"start":{"line":38,"column":9},"end":{"line":44,"column":null}},"type":"if","locations":[{"start":{"line":38,"column":9},"end":{"line":44,"column":null}},{"start":{},"end":{}}]}},"s":{"0":0,"1":0,"2":0,"3":0,"4":0,"5":0,"6":0,"7":0,"8":0,"9":0,"10":0,"11":0,"12":0,"13":0,"14":0,"15":0,"16":0,"17":0},"f":{"0":0,"1":0,"2":0},"b":{"0":[0,0],"1":[0,0],"2":[0,0],"3":[0,0]}}
,"C:\\Users\\mayco\\OneDrive\\Desktop\\Taller de int 2\\TallerIntegra\\control-sanitario-next\\src\\components\\NotificationProvider.tsx": {"path":"C:\\Users\\mayco\\OneDrive\\Desktop\\Taller de int 2\\TallerIntegra\\control-sanitario-next\\src\\components\\NotificationProvider.tsx","statementMap":{"0":{"start":{"line":18,"column":13},"end":{"line":18,"column":33}},"1":{"start":{"line":44,"column":13},"end":{"line":44,"column":28}},"2":{"start":{"line":4,"column":49},"end":{"line":4,"column":null}},"3":{"start":{"line":5,"column":38},"end":{"line":5,"column":null}},"4":{"start":{"line":6,"column":7},"end":{"line":6,"column":null}},"5":{"start":{"line":12,"column":28},"end":{"line":12,"column":null}},"6":{"start":{"line":18,"column":77},"end":{"line":42,"column":null}},"7":{"start":{"line":20,"column":19},"end":{"line":34,"column":null}},"8":{"start":{"line":21,"column":4},"end":{"line":33,"column":null}},"9":{"start":{"line":23,"column":8},"end":{"line":23,"column":null}},"10":{"start":{"line":24,"column":8},"end":{"line":24,"column":null}},"11":{"start":{"line":26,"column":8},"end":{"line":26,"column":null}},"12":{"start":{"line":27,"column":8},"end":{"line":27,"column":null}},"13":{"start":{"line":29,"column":8},"end":{"line":29,"column":null}},"14":{"start":{"line":30,"column":8},"end":{"line":30,"column":null}},"15":{"start":{"line":32,"column":8},"end":{"line":32,"column":null}},"16":{"start":{"line":44,"column":31},"end":{"line":50,"column":null}},"17":{"start":{"line":45,"column":18},"end":{"line":45,"column":null}},"18":{"start":{"line":46,"column":2},"end":{"line":48,"column":null}},"19":{"start":{"line":47,"column":4},"end":{"line":47,"column":null}},"20":{"start":{"line":49,"column":2},"end":{"line":49,"column":null}}},"fnMap":{"0":{"name":"(anonymous_6)","decl":{"start":{"line":18,"column":77},"end":{"line":18,"column":78}},"loc":{"start":{"line":18,"column":90},"end":{"line":42,"column":null}}},"1":{"name":"(anonymous_7)","decl":{"start":{"line":20,"column":19},"end":{"line":20,"column":20}},"loc":{"start":{"line":20,"column":37},"end":{"line":34,"column":null}}},"2":{"name":"(anonymous_8)","decl":{"start":{"line":44,"column":31},"end":{"line":44,"column":null}},"loc":{"start":{"line":44,"column":31},"end":{"line":50,"column":null}}}},"branchMap":{"0":{"loc":{"start":{"line":21,"column":4},"end":{"line":33,"column":null}},"type":"switch","locations":[{"start":{"line":22,"column":6},"end":{"line":24,"column":null}},{"start":{"line":25,"column":6},"end":{"line":27,"column":null}},{"start":{"line":28,"column":6},"end":{"line":30,"column":null}},{"start":{"line":31,"column":6},"end":{"line":32,"column":null}}]},"1":{"loc":{"start":{"line":46,"column":2},"end":{"line":48,"column":null}},"type":"if","locations":[{"start":{"line":46,"column":2},"end":{"line":48,"column":null}},{"start":{},"end":{}}]}},"s":{"0":0,"1":0,"2":0,"3":0,"4":0,"5":0,"6":0,"7":0,"8":0,"9":0,"10":0,"11":0,"12":0,"13":0,"14":0,"15":0,"16":0,"17":0,"18":0,"19":0,"20":0},"f":{"0":0,"1":0,"2":0},"b":{"0":[0,0,0,0],"1":[0,0]}}
,"C:\\Users\\mayco\\OneDrive\\Desktop\\Taller de int 2\\TallerIntegra\\control-sanitario-next\\src\\components\\OrgView.tsx": {"path":"C:\\Users\\mayco\\OneDrive\\Desktop\\Taller de int 2\\TallerIntegra\\control-sanitario-next\\src\\components\\OrgView.tsx","statementMap":{"0":{"start":{"line":19,"column":0},"end":{"line":19,"column":15}},"1":{"start":{"line":4,"column":18},"end":{"line":4,"column":null}},"2":{"start":{"line":19,"column":15},"end":{"line":19,"column":null}}},"fnMap":{},"branchMap":{},"s":{"0":0,"1":0,"2":0},"f":{},"b":{}}
,"C:\\Users\\mayco\\OneDrive\\Desktop\\Taller de int 2\\TallerIntegra\\control-sanitario-next\\src\\components\\ProtectedRoute.tsx": {"path":"C:\\Users\\mayco\\OneDrive\\Desktop\\Taller de int 2\\TallerIntegra\\control-sanitario-next\\src\\components\\ProtectedRoute.tsx","statementMap":{"0":{"start":{"line":36,"column":0},"end":{"line":36,"column":15}},"1":{"start":{"line":4,"column":18},"end":{"line":4,"column":null}},"2":{"start":{"line":5,"column":26},"end":{"line":5,"column":null}},"3":{"start":{"line":6,"column":25},"end":{"line":6,"column":null}},"4":{"start":{"line":17,"column":54},"end":{"line":34,"column":null}},"5":{"start":{"line":18,"column":17},"end":{"line":18,"column":null}},"6":{"start":{"line":19,"column":19},"end":{"line":19,"column":32}},"7":{"start":{"line":22,"column":2},"end":{"line":26,"column":null}},"8":{"start":{"line":23,"column":4},"end":{"line":25,"column":null}},"9":{"start":{"line":24,"column":6},"end":{"line":24,"column":null}},"10":{"start":{"line":29,"column":2},"end":{"line":31,"column":null}},"11":{"start":{"line":30,"column":4},"end":{"line":30,"column":null}},"12":{"start":{"line":36,"column":15},"end":{"line":36,"column":null}}},"fnMap":{"0":{"name":"(anonymous_2)","decl":{"start":{"line":17,"column":54},"end":{"line":17,"column":55}},"loc":{"start":{"line":17,"column":81},"end":{"line":34,"column":null}}},"1":{"name":"(anonymous_3)","decl":{"start":{"line":22,"column":18},"end":{"line":22,"column":null}},"loc":{"start":{"line":22,"column":18},"end":{"line":26,"column":5}}}},"branchMap":{"0":{"loc":{"start":{"line":23,"column":4},"end":{"line":25,"column":null}},"type":"if","locations":[{"start":{"line":23,"column":4},"end":{"line":25,"column":null}},{"start":{},"end":{}}]},"1":{"loc":{"start":{"line":29,"column":2},"end":{"line":31,"column":null}},"type":"if","locations":[{"start":{"line":29,"column":2},"end":{"line":31,"column":null}},{"start":{},"end":{}}]}},"s":{"0":0,"1":0,"2":0,"3":0,"4":0,"5":0,"6":0,"7":0,"8":0,"9":0,"10":0,"11":0,"12":0},"f":{"0":0,"1":0},"b":{"0":[0,0],"1":[0,0]}}
,"C:\\Users\\mayco\\OneDrive\\Desktop\\Taller de int 2\\TallerIntegra\\control-sanitario-next\\src\\components\\UserDetail.tsx": {"path":"C:\\Users\\mayco\\OneDrive\\Desktop\\Taller de int 2\\TallerIntegra\\control-sanitario-next\\src\\components\\UserDetail.tsx","statementMap":{"0":{"start":{"line":113,"column":0},"end":{"line":113,"column":15}},"1":{"start":{"line":5,"column":32},"end":{"line":5,"column":null}},"2":{"start":{"line":6,"column":19},"end":{"line":6,"column":null}},"3":{"start":{"line":25,"column":36},"end":{"line":111,"column":null}},"4":{"start":{"line":27,"column":34},"end":{"line":27,"column":null}},"5":{"start":{"line":29,"column":32},"end":{"line":29,"column":null}},"6":{"start":{"line":32,"column":23},"end":{"line":42,"column":null}},"7":{"start":{"line":33,"column":4},"end":{"line":36,"column":null}},"8":{"start":{"line":34,"column":6},"end":{"line":34,"column":null}},"9":{"start":{"line":35,"column":6},"end":{"line":35,"column":null}},"10":{"start":{"line":37,"column":4},"end":{"line":40,"column":null}},"11":{"start":{"line":38,"column":6},"end":{"line":38,"column":null}},"12":{"start":{"line":39,"column":6},"end":{"line":39,"column":null}},"13":{"start":{"line":41,"column":4},"end":{"line":41,"column":null}},"14":{"start":{"line":45,"column":21},"end":{"line":51,"column":null}},"15":{"start":{"line":46,"column":4},"end":{"line":46,"column":null}},"16":{"start":{"line":46,"column":25},"end":{"line":46,"column":null}},"17":{"start":{"line":49,"column":4},"end":{"line":49,"column":null}},"18":{"start":{"line":50,"column":4},"end":{"line":50,"column":null}},"19":{"start":{"line":63,"column":27},"end":{"line":63,"column":null}},"20":{"start":{"line":73,"column":27},"end":{"line":73,"column":null}},"21":{"start":{"line":82,"column":27},"end":{"line":82,"column":null}},"22":{"start":{"line":95,"column":27},"end":{"line":95,"column":null}},"23":{"start":{"line":113,"column":15},"end":{"line":113,"column":null}}},"fnMap":{"0":{"name":"(anonymous_5)","decl":{"start":{"line":25,"column":36},"end":{"line":25,"column":37}},"loc":{"start":{"line":25,"column":45},"end":{"line":111,"column":null}}},"1":{"name":"(anonymous_6)","decl":{"start":{"line":32,"column":23},"end":{"line":32,"column":null}},"loc":{"start":{"line":32,"column":23},"end":{"line":42,"column":null}}},"2":{"name":"(anonymous_7)","decl":{"start":{"line":45,"column":21},"end":{"line":45,"column":null}},"loc":{"start":{"line":45,"column":21},"end":{"line":51,"column":null}}},"3":{"name":"(anonymous_8)","decl":{"start":{"line":63,"column":20},"end":{"line":63,"column":21}},"loc":{"start":{"line":63,"column":27},"end":{"line":63,"column":null}}},"4":{"name":"(anonymous_9)","decl":{"start":{"line":73,"column":20},"end":{"line":73,"column":21}},"loc":{"start":{"line":73,"column":27},"end":{"line":73,"column":null}}},"5":{"name":"(anonymous_10)","decl":{"start":{"line":82,"column":20},"end":{"line":82,"column":21}},"loc":{"start":{"line":82,"column":27},"end":{"line":82,"column":null}}},"6":{"name":"(anonymous_11)","decl":{"start":{"line":95,"column":20},"end":{"line":95,"column":21}},"loc":{"start":{"line":95,"column":27},"end":{"line":95,"column":null}}}},"branchMap":{"0":{"loc":{"start":{"line":33,"column":4},"end":{"line":36,"column":null}},"type":"if","locations":[{"start":{"line":33,"column":4},"end":{"line":36,"column":null}},{"start":{},"end":{}}]},"1":{"loc":{"start":{"line":37,"column":4},"end":{"line":40,"column":null}},"type":"if","locations":[{"start":{"line":37,"column":4},"end":{"line":40,"column":null}},{"start":{},"end":{}}]},"2":{"loc":{"start":{"line":46,"column":4},"end":{"line":46,"column":null}},"type":"if","locations":[{"start":{"line":46,"column":4},"end":{"line":46,"column":null}},{"start":{},"end":{}}]},"3":{"loc":{"start":{"line":108,"column":7},"end":{"line":108,"column":18}},"type":"binary-expr","locations":[{"start":{"line":108,"column":7},"end":{"line":108,"column":18}}]}},"s":{"0":0,"1":0,"2":0,"3":0,"4":0,"5":0,"6":0,"7":0,"8":0,"9":0,"10":0,"11":0,"12":0,"13":0,"14":0,"15":0,"16":0,"17":0,"18":0,"19":0,"20":0,"21":0,"22":0,"23":0},"f":{"0":0,"1":0,"2":0,"3":0,"4":0,"5":0,"6":0},"b":{"0":[0,0],"1":[0,0],"2":[0,0],"3":[0]}}
,"C:\\Users\\mayco\\OneDrive\\Desktop\\Taller de int 2\\TallerIntegra\\control-sanitario-next\\src\\components\\UserMetricsCards.tsx": {"path":"C:\\Users\\mayco\\OneDrive\\Desktop\\Taller de int 2\\TallerIntegra\\control-sanitario-next\\src\\components\\UserMetricsCards.tsx","statementMap":{"0":{"start":{"line":31,"column":0},"end":{"line":31,"column":15}},"1":{"start":{"line":1,"column":18},"end":{"line":1,"column":null}},"2":{"start":{"line":2,"column":20},"end":{"line":2,"column":null}},"3":{"start":{"line":3,"column":19},"end":{"line":3,"column":null}},"4":{"start":{"line":4,"column":44},"end":{"line":4,"column":null}},"5":{"start":{"line":6,"column":25},"end":{"line":29,"column":null}},"6":{"start":{"line":31,"column":15},"end":{"line":31,"column":null}}},"fnMap":{"0":{"name":"(anonymous_2)","decl":{"start":{"line":6,"column":25},"end":{"line":6,"column":null}},"loc":{"start":{"line":6,"column":25},"end":{"line":29,"column":null}}}},"branchMap":{},"s":{"0":0,"1":0,"2":0,"3":0,"4":0,"5":0,"6":0},"f":{"0":0},"b":{}}
,"C:\\Users\\mayco\\OneDrive\\Desktop\\Taller de int 2\\TallerIntegra\\control-sanitario-next\\src\\components\\UserTable.tsx": {"path":"C:\\Users\\mayco\\OneDrive\\Desktop\\Taller de int 2\\TallerIntegra\\control-sanitario-next\\src\\components\\UserTable.tsx","statementMap":{"0":{"start":{"line":144,"column":0},"end":{"line":144,"column":15}},"1":{"start":{"line":5,"column":32},"end":{"line":5,"column":null}},"2":{"start":{"line":6,"column":17},"end":{"line":6,"column":null}},"3":{"start":{"line":7,"column":19},"end":{"line":7,"column":null}},"4":{"start":{"line":26,"column":35},"end":{"line":142,"column":null}},"5":{"start":{"line":28,"column":40},"end":{"line":28,"column":null}},"6":{"start":{"line":30,"column":38},"end":{"line":30,"column":null}},"7":{"start":{"line":31,"column":40},"end":{"line":31,"column":null}},"8":{"start":{"line":32,"column":36},"end":{"line":32,"column":null}},"9":{"start":{"line":35,"column":24},"end":{"line":41,"column":null}},"10":{"start":{"line":36,"column":4},"end":{"line":39,"column":50}},"11":{"start":{"line":44,"column":21},"end":{"line":44,"column":null}},"12":{"start":{"line":45,"column":21},"end":{"line":45,"column":null}},"13":{"start":{"line":46,"column":23},"end":{"line":46,"column":null}},"14":{"start":{"line":49,"column":19},"end":{"line":51,"column":null}},"15":{"start":{"line":50,"column":4},"end":{"line":50,"column":null}},"16":{"start":{"line":50,"column":41},"end":{"line":50,"column":null}},"17":{"start":{"line":62,"column":29},"end":{"line":62,"column":60}},"18":{"start":{"line":62,"column":60},"end":{"line":62,"column":79}},"19":{"start":{"line":69,"column":29},"end":{"line":69,"column":61}},"20":{"start":{"line":69,"column":61},"end":{"line":69,"column":80}},"21":{"start":{"line":74,"column":29},"end":{"line":74,"column":59}},"22":{"start":{"line":74,"column":59},"end":{"line":74,"column":78}},"23":{"start":{"line":96,"column":14},"end":{"line":96,"column":null}},"24":{"start":{"line":119,"column":31},"end":{"line":119,"column":58}},"25":{"start":{"line":123,"column":10},"end":{"line":124,"column":null}},"26":{"start":{"line":125,"column":27},"end":{"line":125,"column":null}},"27":{"start":{"line":134,"column":25},"end":{"line":134,"column":null}},"28":{"start":{"line":144,"column":15},"end":{"line":144,"column":null}}},"fnMap":{"0":{"name":"(anonymous_5)","decl":{"start":{"line":26,"column":35},"end":{"line":26,"column":36}},"loc":{"start":{"line":26,"column":63},"end":{"line":142,"column":null}}},"1":{"name":"(anonymous_6)","decl":{"start":{"line":35,"column":37},"end":{"line":35,"column":38}},"loc":{"start":{"line":35,"column":38},"end":{"line":41,"column":null}}},"2":{"name":"(anonymous_7)","decl":{"start":{"line":49,"column":19},"end":{"line":49,"column":20}},"loc":{"start":{"line":49,"column":20},"end":{"line":51,"column":null}}},"3":{"name":"(anonymous_8)","decl":{"start":{"line":62,"column":20},"end":{"line":62,"column":21}},"loc":{"start":{"line":62,"column":21},"end":{"line":62,"column":null}}},"4":{"name":"(anonymous_9)","decl":{"start":{"line":69,"column":20},"end":{"line":69,"column":21}},"loc":{"start":{"line":69,"column":21},"end":{"line":69,"column":null}}},"5":{"name":"(anonymous_10)","decl":{"start":{"line":74,"column":20},"end":{"line":74,"column":21}},"loc":{"start":{"line":74,"column":21},"end":{"line":74,"column":null}}},"6":{"name":"(anonymous_11)","decl":{"start":{"line":95,"column":29},"end":{"line":95,"column":30}},"loc":{"start":{"line":96,"column":14},"end":{"line":96,"column":null}}},"7":{"name":"(anonymous_12)","decl":{"start":{"line":119,"column":25},"end":{"line":119,"column":31}},"loc":{"start":{"line":119,"column":31},"end":{"line":119,"column":58}}},"8":{"name":"(anonymous_13)","decl":{"start":{"line":122,"column":44},"end":{"line":122,"column":45}},"loc":{"start":{"line":123,"column":10},"end":{"line":124,"column":null}}},"9":{"name":"(anonymous_14)","decl":{"start":{"line":125,"column":21},"end":{"line":125,"column":27}},"loc":{"start":{"line":125,"column":27},"end":{"line":125,"column":null}}},"10":{"name":"(anonymous_15)","decl":{"start":{"line":134,"column":19},"end":{"line":134,"column":25}},"loc":{"start":{"line":134,"column":25},"end":{"line":134,"column":null}}}},"branchMap":{"0":{"loc":{"start":{"line":26,"column":45},"end":{"line":26,"column":61}},"type":"default-arg","locations":[{"start":{"line":26,"column":60},"end":{"line":26,"column":61}}]},"1":{"loc":{"start":{"line":37,"column":6},"end":{"line":39,"column":50}},"type":"binary-expr","locations":[{"start":{"line":37,"column":6},"end":{"line":37,"column":null}},{"start":{"line":38,"column":6},"end":{"line":38,"column":null}},{"start":{"line":39,"column":7},"end":{"line":39,"column":47}}]},"2":{"loc":{"start":{"line":39,"column":7},"end":{"line":39,"column":47}},"type":"cond-expr","locations":[{"start":{"line":39,"column":19},"end":{"line":39,"column":44}},{"start":{"line":39,"column":44},"end":{"line":39,"column":47}}]},"3":{"loc":{"start":{"line":50,"column":4},"end":{"line":50,"column":null}},"type":"if","locations":[{"start":{"line":50,"column":4},"end":{"line":50,"column":null}},{"start":{},"end":{}}]},"4":{"loc":{"start":{"line":50,"column":8},"end":{"line":50,"column":41}},"type":"binary-expr","locations":[{"start":{"line":50,"column":8},"end":{"line":50,"column":21}},{"start":{"line":50,"column":21},"end":{"line":50,"column":41}}]},"5":{"loc":{"start":{"line":95,"column":12},"end":{"line":96,"column":null}},"type":"cond-expr","locations":[{"start":{"line":95,"column":12},"end":{"line":96,"column":null}}]},"6":{"loc":{"start":{"line":126,"column":23},"end":{"line":126,"column":null}},"type":"cond-expr","locations":[{"start":{"line":126,"column":47},"end":{"line":126,"column":64}},{"start":{"line":126,"column":67},"end":{"line":126,"column":null}}]},"7":{"loc":{"start":{"line":135,"column":20},"end":{"line":135,"column":null}},"type":"binary-expr","locations":[{"start":{"line":135,"column":20},"end":{"line":135,"column":50}},{"start":{"line":135,"column":50},"end":{"line":135,"column":null}}]}},"s":{"0":0,"1":0,"2":0,"3":0,"4":0,"5":0,"6":0,"7":0,"8":0,"9":0,"10":0,"11":0,"12":0,"13":0,"14":0,"15":0,"16":0,"17":0,"18":0,"19":0,"20":0,"21":0,"22":0,"23":0,"24":0,"25":0,"26":0,"27":0,"28":0},"f":{"0":0,"1":0,"2":0,"3":0,"4":0,"5":0,"6":0,"7":0,"8":0,"9":0,"10":0},"b":{"0":[0],"1":[0,0,0],"2":[0,0],"3":[0,0],"4":[0,0],"5":[0],"6":[0,0],"7":[0,0]}}
,"C:\\Users\\mayco\\OneDrive\\Desktop\\Taller de int 2\\TallerIntegra\\control-sanitario-next\\src\\components\\UserView.tsx": {"path":"C:\\Users\\mayco\\OneDrive\\Desktop\\Taller de int 2\\TallerIntegra\\control-sanitario-next\\src\\components\\UserView.tsx","statementMap":{"0":{"start":{"line":19,"column":0},"end":{"line":19,"column":15}},"1":{"start":{"line":4,"column":18},"end":{"line":4,"column":null}},"2":{"start":{"line":19,"column":15},"end":{"line":19,"column":null}}},"fnMap":{},"branchMap":{},"s":{"0":0,"1":0,"2":0},"f":{},"b":{}}
,"C:\\Users\\mayco\\OneDrive\\Desktop\\Taller de int 2\\TallerIntegra\\control-sanitario-next\\src\\components\\ui\\Button.tsx": {"path":"C:\\Users\\mayco\\OneDrive\\Desktop\\Taller de int 2\\TallerIntegra\\control-sanitario-next\\src\\components\\ui\\Button.tsx","statementMap":{"0":{"start":{"line":31,"column":0},"end":{"line":31,"column":15}},"1":{"start":{"line":1,"column":18},"end":{"line":1,"column":null}},"2":{"start":{"line":7,"column":38},"end":{"line":29,"column":null}},"3":{"start":{"line":14,"column":4},"end":{"line":14,"column":null}},"4":{"start":{"line":16,"column":19},"end":{"line":19,"column":null}},"5":{"start":{"line":31,"column":15},"end":{"line":31,"column":null}}},"fnMap":{"0":{"name":"(anonymous_2)","decl":{"start":{"line":7,"column":38},"end":{"line":7,"column":39}},"loc":{"start":{"line":12,"column":1},"end":{"line":29,"column":null}}}},"branchMap":{"0":{"loc":{"start":{"line":9,"column":2},"end":{"line":9,"column":21}},"type":"default-arg","locations":[{"start":{"line":9,"column":12},"end":{"line":9,"column":21}}]},"1":{"loc":{"start":{"line":10,"column":2},"end":{"line":10,"column":16}},"type":"default-arg","locations":[{"start":{"line":10,"column":14},"end":{"line":10,"column":16}}]}},"s":{"0":311,"1":3,"2":3,"3":311,"4":311,"5":3},"f":{"0":311},"b":{"0":[15],"1":[34]}}
,"C:\\Users\\mayco\\OneDrive\\Desktop\\Taller de int 2\\TallerIntegra\\control-sanitario-next\\src\\components\\ui\\Input.tsx": {"path":"C:\\Users\\mayco\\OneDrive\\Desktop\\Taller de int 2\\TallerIntegra\\control-sanitario-next\\src\\components\\ui\\Input.tsx","statementMap":{"0":{"start":{"line":14,"column":0},"end":{"line":14,"column":15}},"1":{"start":{"line":1,"column":18},"end":{"line":1,"column":null}},"2":{"start":{"line":5,"column":36},"end":{"line":12,"column":null}},"3":{"start":{"line":14,"column":15},"end":{"line":14,"column":null}}},"fnMap":{"0":{"name":"(anonymous_2)","decl":{"start":{"line":5,"column":36},"end":{"line":5,"column":37}},"loc":{"start":{"line":5,"column":65},"end":{"line":12,"column":null}}}},"branchMap":{"0":{"loc":{"start":{"line":5,"column":39},"end":{"line":5,"column":53}},"type":"default-arg","locations":[{"start":{"line":5,"column":51},"end":{"line":5,"column":53}}]}},"s":{"0":588,"1":2,"2":2,"3":2},"f":{"0":588},"b":{"0":[35]}}
,"C:\\Users\\mayco\\OneDrive\\Desktop\\Taller de int 2\\TallerIntegra\\control-sanitario-next\\src\\components\\ui\\Modal.tsx": {"path":"C:\\Users\\mayco\\OneDrive\\Desktop\\Taller de int 2\\TallerIntegra\\control-sanitario-next\\src\\components\\ui\\Modal.tsx","statementMap":{"0":{"start":{"line":34,"column":0},"end":{"line":34,"column":15}},"1":{"start":{"line":1,"column":18},"end":{"line":1,"column":null}},"2":{"start":{"line":2,"column":19},"end":{"line":2,"column":null}},"3":{"start":{"line":10,"column":36},"end":{"line":32,"column":null}},"4":{"start":{"line":11,"column":2},"end":{"line":11,"column":null}},"5":{"start":{"line":11,"column":15},"end":{"line":11,"column":null}},"6":{"start":{"line":34,"column":15},"end":{"line":34,"column":null}}},"fnMap":{"0":{"name":"(anonymous_2)","decl":{"start":{"line":10,"column":36},"end":{"line":10,"column":37}},"loc":{"start":{"line":10,"column":66},"end":{"line":32,"column":null}}}},"branchMap":{"0":{"loc":{"start":{"line":11,"column":2},"end":{"line":11,"column":null}},"type":"if","locations":[{"start":{"line":11,"column":2},"end":{"line":11,"column":null}},{"start":{},"end":{}}]}},"s":{"0":22,"1":1,"2":1,"3":1,"4":22,"5":3,"6":1},"f":{"0":22},"b":{"0":[3,19]}}
}
