TN:
SF:src\components\AdminActionModal.tsx
FN:22,(anonymous_2)
FNF:1
FNH:0
FNDA:0,(anonymous_2)
DA:4,0
DA:5,0
DA:6,0
DA:22,0
DA:32,0
DA:49,0
LF:6
LH:0
BRDA:28,0,0,0
BRDA:29,1,0,0
BRDA:32,2,0,0
BRDA:32,2,1,0
BRF:4
BRH:0
end_of_record
TN:
SF:src\components\AdminView.tsx
FNF:0
FNH:0
DA:4,0
DA:19,0
LF:2
LH:0
BRF:0
BRH:0
end_of_record
TN:
SF:src\components\AdoptionForm.tsx
FN:31,AdoptionForm
FN:40,(anonymous_6)
FN:45,(anonymous_7)
FNF:3
FNH:3
FNDA:276,AdoptionForm
FNDA:256,(anonymous_6)
FNDA:4,(anonymous_7)
DA:4,1
DA:5,1
DA:6,1
DA:31,20
DA:33,276
DA:40,276
DA:41,256
DA:45,276
DA:46,4
DA:47,4
LF:10
LH:10
BRF:0
BRH:0
end_of_record
TN:
SF:src\components\Alert.tsx
FNF:0
FNH:0
DA:4,0
DA:20,0
LF:2
LH:0
BRDA:14,0,0,0
BRDA:15,1,0,0
BRDA:15,1,1,0
BRDA:15,2,0,0
BRDA:15,2,1,0
BRF:5
BRH:0
end_of_record
TN:
SF:src\components\AnimalCard.tsx
FN:22,(anonymous_2)
FN:38,(anonymous_3)
FNF:2
FNH:0
FNDA:0,(anonymous_2)
FNDA:0,(anonymous_3)
DA:4,0
DA:5,0
DA:6,0
DA:22,0
DA:23,0
DA:38,0
DA:46,0
LF:7
LH:0
BRDA:28,0,0,0
BRDA:28,0,1,0
BRDA:34,1,0,0
BRF:3
BRH:0
end_of_record
TN:
SF:src\components\AnimalDetail.tsx
FN:12,(anonymous_2)
FNF:1
FNH:0
FNDA:0,(anonymous_2)
DA:1,0
DA:2,0
DA:12,0
DA:24,0
LF:4
LH:0
BRDA:19,0,0,0
BRF:1
BRH:0
end_of_record
TN:
SF:src\components\AnimalGallery.tsx
FN:15,(anonymous_2)
FN:17,(anonymous_3)
FNF:2
FNH:0
FNDA:0,(anonymous_2)
FNDA:0,(anonymous_3)
DA:7,0
DA:8,0
DA:9,0
DA:15,0
DA:17,0
DA:37,0
LF:6
LH:0
BRF:0
BRH:0
end_of_record
TN:
SF:src\components\AnimalList.tsx
FN:65,AnimalList
FN:70,(anonymous_6)
FN:82,(anonymous_7)
FN:92,(anonymous_8)
FN:101,(anonymous_9)
FNF:5
FNH:0
FNDA:0,AnimalList
FNDA:0,(anonymous_6)
FNDA:0,(anonymous_7)
FNDA:0,(anonymous_8)
FNDA:0,(anonymous_9)
DA:4,0
DA:5,0
DA:8,0
DA:65,0
DA:66,0
DA:67,0
DA:70,0
DA:71,0
DA:82,0
DA:92,0
DA:102,0
LF:11
LH:0
BRDA:71,0,0,0
BRDA:71,0,1,0
BRDA:71,1,0,0
BRDA:71,1,1,0
BRDA:72,2,0,0
BRDA:72,2,1,0
BRF:6
BRH:0
end_of_record
TN:
SF:src\components\AuthModal.tsx
FN:17,validateEmail
FN:25,(anonymous_6)
FN:32,(anonymous_7)
FN:49,(anonymous_8)
FN:69,(anonymous_9)
FN:77,(anonymous_10)
FN:87,(anonymous_11)
FN:89,(anonymous_12)
FN:99,(anonymous_13)
FNF:9
FNH:0
FNDA:0,validateEmail
FNDA:0,(anonymous_6)
FNDA:0,(anonymous_7)
FNDA:0,(anonymous_8)
FNDA:0,(anonymous_9)
FNDA:0,(anonymous_10)
FNDA:0,(anonymous_11)
FNDA:0,(anonymous_12)
FNDA:0,(anonymous_13)
DA:4,0
DA:5,0
DA:6,0
DA:7,0
DA:18,0
DA:25,0
DA:26,0
DA:27,0
DA:28,0
DA:29,0
DA:32,0
DA:33,0
DA:34,0
DA:35,0
DA:36,0
DA:37,0
DA:39,0
DA:40,0
DA:41,0
DA:43,0
DA:49,0
DA:50,0
DA:51,0
DA:52,0
DA:53,0
DA:54,0
DA:58,0
DA:69,0
DA:77,0
DA:87,0
DA:89,0
DA:99,0
DA:117,0
LF:33
LH:0
BRDA:35,0,0,0
BRDA:35,0,1,0
BRDA:39,1,0,0
BRDA:39,1,1,0
BRDA:43,2,0,0
BRDA:43,2,1,0
BRDA:50,3,0,0
BRDA:50,3,1,0
BRDA:58,4,0,0
BRDA:58,4,1,0
BRDA:67,5,0,0
BRDA:67,5,1,0
BRDA:68,6,0,0
BRDA:68,6,1,0
BRDA:75,7,0,0
BRDA:75,7,1,0
BRDA:76,8,0,0
BRDA:76,8,1,0
BRDA:92,9,0,0
BRDA:92,9,1,0
BRDA:104,10,0,0
BRDA:104,10,1,0
BRDA:104,10,2,0
BRDA:108,11,0,0
BRDA:108,11,1,0
BRDA:111,12,0,0
BRF:26
BRH:0
end_of_record
TN:
SF:src\components\CampaignList.tsx
FN:22,(anonymous_2)
FN:26,(anonymous_3)
FNF:2
FNH:0
FNDA:0,(anonymous_2)
FNDA:0,(anonymous_3)
DA:4,0
DA:22,0
DA:27,0
DA:54,0
LF:4
LH:0
BRDA:43,0,0,0
BRDA:43,0,1,0
BRDA:46,1,0,0
BRDA:46,1,1,0
BRF:4
BRH:0
end_of_record
TN:
SF:src\components\ConfirmationModal.tsx
FN:33,ConfirmationModal
FNF:1
FNH:0
FNDA:0,ConfirmationModal
DA:4,0
DA:5,0
DA:33,0
LF:3
LH:0
BRF:0
BRH:0
end_of_record
TN:
SF:src\components\Footer.tsx
FN:30,(anonymous_5)
FN:41,(anonymous_6)
FN:72,(anonymous_7)
FN:73,(anonymous_8)
FN:79,(anonymous_9)
FNF:5
FNH:0
FNDA:0,(anonymous_5)
FNDA:0,(anonymous_6)
FNDA:0,(anonymous_7)
FNDA:0,(anonymous_8)
FNDA:0,(anonymous_9)
DA:4,0
DA:5,0
DA:6,0
DA:7,0
DA:8,0
DA:11,0
DA:30,0
DA:31,0
DA:41,0
DA:72,0
DA:73,0
DA:79,0
DA:95,0
LF:13
LH:0
BRF:0
BRH:0
end_of_record
TN:
SF:src\components\InfoBox.tsx
FN:19,(anonymous_2)
FN:22,(anonymous_3)
FNF:2
FNH:0
FNDA:0,(anonymous_2)
FNDA:0,(anonymous_3)
DA:4,0
DA:5,0
DA:6,0
DA:19,0
DA:20,0
DA:22,0
DA:23,0
DA:43,0
LF:8
LH:0
BRDA:23,0,0,0
BRDA:23,0,1,0
BRDA:29,1,0,0
BRDA:29,1,1,0
BRDA:30,2,0,0
BRDA:30,2,1,0
BRDA:31,3,0,0
BRDA:31,3,1,0
BRDA:32,4,0,0
BRDA:32,4,1,0
BRDA:34,5,0,0
BRF:11
BRH:0
end_of_record
TN:
SF:src\components\LoginModal.tsx
FN:15,(anonymous_5)
FN:21,(anonymous_6)
FN:26,(anonymous_7)
FN:52,(anonymous_8)
FN:54,(anonymous_9)
FNF:5
FNH:0
FNDA:0,(anonymous_5)
FNDA:0,(anonymous_6)
FNDA:0,(anonymous_7)
FNDA:0,(anonymous_8)
FNDA:0,(anonymous_9)
DA:4,0
DA:7,0
DA:8,0
DA:9,0
DA:15,0
DA:16,0
DA:17,0
DA:18,0
DA:21,0
DA:22,0
DA:26,0
DA:27,0
DA:28,0
DA:31,0
DA:32,0
DA:33,0
DA:37,0
DA:38,0
DA:39,0
DA:43,0
DA:44,0
DA:52,0
DA:54,0
DA:65,0
LF:24
LH:0
BRDA:31,0,0,0
BRDA:31,0,1,0
BRDA:37,1,0,0
BRDA:37,1,1,0
BRDA:59,2,0,0
BRF:5
BRH:0
end_of_record
TN:
SF:src\components\Map.tsx
FN:10,(anonymous_2)
FNF:1
FNH:0
FNDA:0,(anonymous_2)
DA:4,0
DA:10,0
DA:11,0
DA:36,0
LF:4
LH:0
BRF:0
BRH:0
end_of_record
TN:
SF:src\components\Navbar.tsx
FN:13,(anonymous_2)
FN:17,(anonymous_3)
FN:51,(anonymous_4)
FNF:3
FNH:0
FNDA:0,(anonymous_2)
FNDA:0,(anonymous_3)
FNDA:0,(anonymous_4)
DA:4,0
DA:5,0
DA:6,0
DA:7,0
DA:13,0
DA:14,0
DA:17,0
DA:18,0
DA:22,0
DA:23,0
DA:24,0
DA:29,0
DA:30,0
DA:38,0
DA:39,0
DA:52,0
DA:70,0
LF:17
LH:0
BRDA:18,0,0,0
BRDA:18,0,1,0
BRDA:23,1,0,0
BRDA:23,1,1,0
BRDA:29,2,0,0
BRDA:29,2,1,0
BRDA:38,3,0,0
BRDA:38,3,1,0
BRF:8
BRH:0
end_of_record
TN:
SF:src\components\NotificationProvider.tsx
FN:18,(anonymous_6)
FN:20,(anonymous_7)
FN:44,(anonymous_8)
FNF:3
FNH:0
FNDA:0,(anonymous_6)
FNDA:0,(anonymous_7)
FNDA:0,(anonymous_8)
DA:4,0
DA:5,0
DA:6,0
DA:12,0
DA:18,0
DA:20,0
DA:21,0
DA:23,0
DA:24,0
DA:26,0
DA:27,0
DA:29,0
DA:30,0
DA:32,0
DA:44,0
DA:45,0
DA:46,0
DA:47,0
DA:49,0
LF:19
LH:0
BRDA:21,0,0,0
BRDA:21,0,1,0
BRDA:21,0,2,0
BRDA:21,0,3,0
BRDA:46,1,0,0
BRDA:46,1,1,0
BRF:6
BRH:0
end_of_record
TN:
SF:src\components\OrgView.tsx
FNF:0
FNH:0
DA:4,0
DA:19,0
LF:2
LH:0
BRF:0
BRH:0
end_of_record
TN:
SF:src\components\ProtectedRoute.tsx
FN:17,(anonymous_2)
FN:22,(anonymous_3)
FNF:2
FNH:0
FNDA:0,(anonymous_2)
FNDA:0,(anonymous_3)
DA:4,0
DA:5,0
DA:6,0
DA:17,0
DA:18,0
DA:19,0
DA:22,0
DA:23,0
DA:24,0
DA:29,0
DA:30,0
DA:36,0
LF:12
LH:0
BRDA:23,0,0,0
BRDA:23,0,1,0
BRDA:29,1,0,0
BRDA:29,1,1,0
BRF:4
BRH:0
end_of_record
TN:
SF:src\components\UserDetail.tsx
FN:25,(anonymous_5)
FN:32,(anonymous_6)
FN:45,(anonymous_7)
FN:63,(anonymous_8)
FN:73,(anonymous_9)
FN:82,(anonymous_10)
FN:95,(anonymous_11)
FNF:7
FNH:0
FNDA:0,(anonymous_5)
FNDA:0,(anonymous_6)
FNDA:0,(anonymous_7)
FNDA:0,(anonymous_8)
FNDA:0,(anonymous_9)
FNDA:0,(anonymous_10)
FNDA:0,(anonymous_11)
DA:5,0
DA:6,0
DA:25,0
DA:27,0
DA:29,0
DA:32,0
DA:33,0
DA:34,0
DA:35,0
DA:37,0
DA:38,0
DA:39,0
DA:41,0
DA:45,0
DA:46,0
DA:49,0
DA:50,0
DA:63,0
DA:73,0
DA:82,0
DA:95,0
DA:113,0
LF:22
LH:0
BRDA:33,0,0,0
BRDA:33,0,1,0
BRDA:37,1,0,0
BRDA:37,1,1,0
BRDA:46,2,0,0
BRDA:46,2,1,0
BRDA:108,3,0,0
BRF:7
BRH:0
end_of_record
TN:
SF:src\components\UserMetricsCards.tsx
FN:6,(anonymous_2)
FNF:1
FNH:0
FNDA:0,(anonymous_2)
DA:1,0
DA:2,0
DA:3,0
DA:4,0
DA:6,0
DA:31,0
LF:6
LH:0
BRF:0
BRH:0
end_of_record
TN:
SF:src\components\UserTable.tsx
FN:26,(anonymous_5)
FN:35,(anonymous_6)
FN:49,(anonymous_7)
FN:62,(anonymous_8)
FN:69,(anonymous_9)
FN:74,(anonymous_10)
FN:95,(anonymous_11)
FN:119,(anonymous_12)
FN:122,(anonymous_13)
FN:125,(anonymous_14)
FN:134,(anonymous_15)
FNF:11
FNH:0
FNDA:0,(anonymous_5)
FNDA:0,(anonymous_6)
FNDA:0,(anonymous_7)
FNDA:0,(anonymous_8)
FNDA:0,(anonymous_9)
FNDA:0,(anonymous_10)
FNDA:0,(anonymous_11)
FNDA:0,(anonymous_12)
FNDA:0,(anonymous_13)
FNDA:0,(anonymous_14)
FNDA:0,(anonymous_15)
DA:5,0
DA:6,0
DA:7,0
DA:26,0
DA:28,0
DA:30,0
DA:31,0
DA:32,0
DA:35,0
DA:36,0
DA:44,0
DA:45,0
DA:46,0
DA:49,0
DA:50,0
DA:62,0
DA:69,0
DA:74,0
DA:96,0
DA:119,0
DA:123,0
DA:125,0
DA:134,0
DA:144,0
LF:24
LH:0
BRDA:26,0,0,0
BRDA:37,1,0,0
BRDA:37,1,1,0
BRDA:37,1,2,0
BRDA:39,2,0,0
BRDA:39,2,1,0
BRDA:50,3,0,0
BRDA:50,3,1,0
BRDA:50,4,0,0
BRDA:50,4,1,0
BRDA:95,5,0,0
BRDA:126,6,0,0
BRDA:126,6,1,0
BRDA:135,7,0,0
BRDA:135,7,1,0
BRF:15
BRH:0
end_of_record
TN:
SF:src\components\UserView.tsx
FNF:0
FNH:0
DA:4,0
DA:19,0
LF:2
LH:0
BRF:0
BRH:0
end_of_record
TN:
SF:src\components\ui\Button.tsx
FN:7,(anonymous_2)
FNF:1
FNH:1
FNDA:311,(anonymous_2)
DA:1,3
DA:7,3
DA:14,311
DA:16,311
DA:31,311
LF:5
LH:5
BRDA:9,0,0,15
BRDA:10,1,0,34
BRF:2
BRH:2
end_of_record
TN:
SF:src\components\ui\Input.tsx
FN:5,(anonymous_2)
FNF:1
FNH:1
FNDA:588,(anonymous_2)
DA:1,2
DA:5,2
DA:14,588
LF:3
LH:3
BRDA:5,0,0,35
BRF:1
BRH:1
end_of_record
TN:
SF:src\components\ui\Modal.tsx
FN:10,(anonymous_2)
FNF:1
FNH:1
FNDA:22,(anonymous_2)
DA:1,1
DA:2,1
DA:10,1
DA:11,22
DA:34,22
LF:5
LH:5
BRDA:11,0,0,3
BRDA:11,0,1,19
BRF:2
BRH:2
end_of_record
